<?xml version="1.0" encoding="UTF-8"?>
<!-- Generated by org.testng.reporters.JUnitReportReporter -->
<testsuite hostname="QT-INBG-LT0173" failures="0" tests="1" name="QualiTest.Twitterproject.Weather_update" time="6.340" errors="0" timestamp="2021-04-08T10:37:03 IST" skipped="0">
  <testcase classname="QualiTest.Twitterproject.Weather_update" name="Weather" time="6.340"/>
  <system-out/>
</testsuite> <!-- QualiTest.Twitterproject.Weather_update -->
