<?xml version="1.0" encoding="UTF-8"?>
<!-- Generated by org.testng.reporters.JUnitReportReporter -->
<testsuite hostname="QT-INBG-LT0173" failures="0" tests="1" name="QualiTest.Twitterproject.First" time="10.829" errors="0" timestamp="2021-04-08T10:38:04 IST" skipped="0">
  <testcase classname="QualiTest.Twitterproject.First" name="APITest" time="10.829"/>
  <system-out/>
</testsuite> <!-- QualiTest.Twitterproject.First -->
