<?xml version="1.0" encoding="UTF-8"?>
<!-- Generated by org.testng.reporters.JUnitReportReporter -->
<testsuite hostname="QT-INBG-LT0173" failures="0" tests="3" name="QualiTest.Twitterproject.Second" time="8.888" errors="0" timestamp="2021-04-08T10:38:29 IST" skipped="0">
  <testcase classname="QualiTest.Twitterproject.Second" name="APITest1" time="1.711"/>
  <system-out/>
  <testcase classname="QualiTest.Twitterproject.Second" name="APITest1" time="5.959"/>
  <system-out/>
  <testcase classname="QualiTest.Twitterproject.Second" name="APITest1" time="1.218"/>
  <system-out/>
</testsuite> <!-- QualiTest.Twitterproject.Second -->
