<?xml version="1.0" encoding="UTF-8"?>
<!-- Generated by org.testng.reporters.JUnitReportReporter -->
<testsuite hostname="QT-INBG-LT0173" failures="0" tests="1" name="QualiTest.Twitterproject.Twitter1" time="5.477" errors="0" timestamp="2021-04-08T10:43:23 IST" skipped="0">
  <testcase classname="QualiTest.Twitterproject.Twitter1" name="createTweet" time="5.477"/>
  <system-out/>
</testsuite> <!-- QualiTest.Twitterproject.Twitter1 -->
