<?xml version="1.0" encoding="UTF-8"?>
<!-- Generated by org.testng.reporters.JUnitReportReporter -->
<testsuite hostname="QT-INBG-LT0173" failures="0" tests="1" name="QualiTest.Twitterproject.Twitter" time="5.779" errors="0" timestamp="2021-04-09T12:38:17 IST" skipped="0">
  <testcase classname="QualiTest.Twitterproject.Twitter" name="getTweet" time="5.779"/>
  <system-out/>
</testsuite> <!-- QualiTest.Twitterproject.Twitter -->
