<?xml version="1.0" encoding="UTF-8"?>
<!-- Generated by org.testng.reporters.JUnitReportReporter -->
<testsuite hostname="QT-INBG-LT0173" failures="0" tests="1" name="QualiTest.Twitterproject.All_tweets" time="5.460" errors="0" timestamp="2021-04-08T10:37:27 IST" skipped="0">
  <testcase classname="QualiTest.Twitterproject.All_tweets" name="Tweet" time="5.460"/>
  <system-out/>
</testsuite> <!-- QualiTest.Twitterproject.All_tweets -->
