<?xml version="1.0" encoding="UTF-8"?>
<!-- Generated by org.testng.reporters.JUnitReportReporter -->
<testsuite hostname="QT-INBG-LT0173" failures="0" tests="1" name="QualiTest.Twitterproject.Blockuser" time="6.315" errors="0" timestamp="2021-04-08T11:21:51 IST" skipped="0">
  <testcase classname="QualiTest.Twitterproject.Blockuser" name="block_user" time="6.315"/>
  <system-out/>
</testsuite> <!-- QualiTest.Twitterproject.Blockuser -->
