<?xml version="1.0" encoding="UTF-8"?>
<!-- Generated by org.testng.reporters.JUnitReportReporter -->
<testsuite hostname="QT-INBG-LT0173" failures="0" tests="1" name="QualiTest.Twitterproject.creatingtweet" time="5.057" errors="0" timestamp="2021-04-08T10:37:42 IST" skipped="0">
  <testcase classname="QualiTest.Twitterproject.creatingtweet" name="createTweet" time="5.057"/>
  <system-out/>
</testsuite> <!-- QualiTest.Twitterproject.creatingtweet -->
